2016/03/16 13:59:23 Starting import from /home/pseudo/slack-dump
2016/03/16 13:59:23 Starting HTTP server on 8000
2016/03/16 13:59:36 Import complete. 232765 suffixes
2016/03/16 14:00:23 r.Form map[user_id:[U033K08B6] channel_name:[general] service_id:[26991846535] token:[g3ApozBQvypJRR1as62sYmvV] channel_id:[C033JRHR4] text:[beranabus: i'm involved in spying on the general populous?] team_id:[T033JRHQ0] timestamp:[1458136819.001100] user_name:[rogers] team_domain:[weeb]]
2016/03/16 14:00:23 Handling incoming request: beranabus: i'm involved in spying on the general populous? from rogers
2016/03/16 14:00:27 r.Form map[service_id:[26991846535] channel_id:[C033JRHR4] channel_name:[general] token:[g3ApozBQvypJRR1as62sYmvV] timestamp:[1458136819.001100] user_id:[U033K08B6] text:[beranabus: i'm involved in spying on the general populous?] team_domain:[weeb] user_name:[rogers] team_id:[T033JRHQ0]]
2016/03/16 14:00:27 Handling incoming request: beranabus: i'm involved in spying on the general populous? from rogers
2016/03/16 14:02:19 r.Form map[channel_name:[general] user_name:[beranabus] team_id:[T033JRHQ0] user_id:[U033RH0S0] service_id:[26991846535] token:[g3ApozBQvypJRR1as62sYmvV] timestamp:[1458136938.001101] channel_id:[C033JRHR4] text:[Yep] team_domain:[weeb]]
2016/03/16 14:02:19 Handling incoming request: Yep from beranabus
2016/03/16 14:02:19 Sending response: better than how it handles the host is 5c:9b:16:56:a6:cd:11:10:3a:cd:1b:a2:91:cd:e5:1c. Please contact your system administrator.
2016/03/16 14:02:24 r.Form map[team_id:[T033JRHQ0] text:[better than how it handles the host is 5c:9b:16:56:a6:cd:11:10:3a:cd:1b:a2:91:cd:e5:1c. Please contact your system administrator.] user_id:[USLACKBOT] user_name:[slackbot] bot_id:[B0SV5QWFR] channel_name:[general] channel_id:[C033JRHR4] timestamp:[1458136944.001102] service_id:[26991846535] token:[g3ApozBQvypJRR1as62sYmvV] bot_name:[] team_domain:[weeb]]
2016/03/16 14:02:30 r.Form map[user_name:[beranabus] channel_id:[C033JRHR4] service_id:[26991846535] token:[g3ApozBQvypJRR1as62sYmvV] timestamp:[1458136949.001103] channel_name:[general] team_domain:[weeb] team_id:[T033JRHQ0] user_id:[U033RH0S0] text:[Secret government contracts]]
2016/03/16 14:02:30 Handling incoming request: Secret government contracts from beranabus
2016/03/16 14:02:53 r.Form map[team_domain:[weeb] service_id:[26991846535] channel_name:[general] user_id:[U033K08B6] timestamp:[1458136973.001104] user_name:[rogers] team_id:[T033JRHQ0] token:[g3ApozBQvypJRR1as62sYmvV] text:[i didn't sign up for this] channel_id:[C033JRHR4]]
2016/03/16 14:02:53 Handling incoming request: i didn't sign up for this from rogers
2016/03/16 14:02:55 r.Form map[user_id:[U033JS4PN] timestamp:[1458136975.001105] text:[that’s an interesting one] channel_name:[general] team_id:[T033JRHQ0] team_domain:[weeb] channel_id:[C033JRHR4] service_id:[26991846535] user_name:[pseudo] token:[g3ApozBQvypJRR1as62sYmvV]]
2016/03/16 14:02:55 Handling incoming request: that’s an interesting one from pseudo
2016/03/16 14:03:09 r.Form map[user_name:[ian] team_domain:[weeb] user_id:[U033JRHQ6] text:[:cd:] service_id:[26991846535] team_id:[T033JRHQ0] token:[g3ApozBQvypJRR1as62sYmvV] channel_id:[C033JRHR4] channel_name:[general] timestamp:[1458136989.001106]]
2016/03/16 14:03:09 Handling incoming request: :cd: from ian
2016/03/16 14:03:17 r.Form map[channel_id:[C033JRHR4] user_id:[U033JRHQ6] team_id:[T033JRHQ0] timestamp:[1458136996.001107] channel_name:[general] text:[rogers: it's too late] token:[g3ApozBQvypJRR1as62sYmvV] team_domain:[weeb] service_id:[26991846535] user_name:[ian]]
2016/03/16 14:03:17 Handling incoming request: rogers: it's too late from ian
2016/03/16 14:03:37 r.Form map[team_domain:[weeb] channel_id:[C033JRHR4] token:[g3ApozBQvypJRR1as62sYmvV] user_id:[U033JS4PN] text:[on a sidenote] team_id:[T033JRHQ0] timestamp:[1458137016.001108] service_id:[26991846535] user_name:[pseudo] channel_name:[general]]
2016/03/16 14:03:37 Handling incoming request: on a sidenote from pseudo
2016/03/16 14:03:46 r.Form map[channel_id:[C033JRHR4] timestamp:[1458137025.001109] team_domain:[weeb] service_id:[26991846535] token:[g3ApozBQvypJRR1as62sYmvV] user_id:[U033JS4PN] team_id:[T033JRHQ0] user_name:[pseudo] text:[these logs are amazing for making it look like you’re working] channel_name:[general]]
2016/03/16 14:03:46 Handling incoming request: these logs are amazing for making it look like you’re working from pseudo
2016/03/16 14:03:52 r.Form map[channel_id:[C033JRHR4] timestamp:[1458137032.001110] service_id:[26991846535] team_id:[T033JRHQ0] team_domain:[weeb] user_id:[U035BH4DT] user_name:[vanilla] token:[g3ApozBQvypJRR1as62sYmvV] text:[slackbot is such a nerd] channel_name:[general]]
2016/03/16 14:03:52 Handling incoming request: slackbot is such a nerd from vanilla
2016/03/16 14:04:02 r.Form map[channel_id:[C033JRHR4] timestamp:[1458137042.001111] service_id:[26991846535] text:[/gif no fun allowed] user_id:[U035BH4DT] channel_name:[general] token:[g3ApozBQvypJRR1as62sYmvV] user_name:[vanilla] team_id:[T033JRHQ0] team_domain:[weeb]]
2016/03/16 14:04:02 Handling incoming request: /gif no fun allowed from vanilla
2016/03/16 14:04:02 Sending response: Light armour sneak dunmer is my least favourite one is LOTR
2016/03/16 14:04:03 r.Form map[token:[g3ApozBQvypJRR1as62sYmvV] bot_id:[B0J8EJS86] user_name:[slackbot] service_id:[26991846535] team_id:[T033JRHQ0] bot_name:[] timestamp:[1458137042.001112] text:[] channel_id:[C033JRHR4] team_domain:[weeb] user_id:[USLACKBOT] channel_name:[general]]
2016/03/16 14:04:05 r.Form map[team_domain:[weeb] user_id:[U033JS4PN] timestamp:[1458137045.001113] team_id:[T033JRHQ0] text:[i can even read slack from my terminal without slack open :heart:] token:[g3ApozBQvypJRR1as62sYmvV] user_name:[pseudo] channel_name:[general] channel_id:[C033JRHR4] service_id:[26991846535]]
2016/03/16 14:04:05 Handling incoming request: i can even read slack from my terminal without slack open :heart: from pseudo
2016/03/16 14:04:08 r.Form map[user_name:[slackbot] channel_name:[general] text:[Light armour sneak dunmer is my least favourite one is LOTR] service_id:[26991846535] bot_id:[B0SV5QWFR] token:[g3ApozBQvypJRR1as62sYmvV] user_id:[USLACKBOT] bot_name:[] team_id:[T033JRHQ0] timestamp:[1458137048.001114] team_domain:[weeb] channel_id:[C033JRHR4]]
2016/03/16 14:04:40 r.Form map[text:[I agree Dingus] channel_name:[general] channel_id:[C033JRHR4] user_id:[U033RH0S0] team_id:[T033JRHQ0] token:[g3ApozBQvypJRR1as62sYmvV] user_name:[beranabus] service_id:[26991846535] team_domain:[weeb] timestamp:[1458137080.001115]]
2016/03/16 14:04:40 Handling incoming request: I agree Dingus from beranabus
2016/03/16 14:04:48 r.Form map[user_id:[U033K08B6] channel_name:[general] service_id:[26991846535] token:[g3ApozBQvypJRR1as62sYmvV] team_domain:[weeb] text:[ah here] channel_id:[C033JRHR4] team_id:[T033JRHQ0] timestamp:[1458137087.001116] user_name:[rogers]]
2016/03/16 14:04:48 Handling incoming request: ah here from rogers
2016/03/16 14:04:58 r.Form map[team_id:[T033JRHQ0] user_name:[rogers] token:[g3ApozBQvypJRR1as62sYmvV] text:[light armour sneak dunmer is great] channel_name:[general] user_id:[U033K08B6] channel_id:[C033JRHR4] timestamp:[1458137097.001117] team_domain:[weeb] service_id:[26991846535]]
2016/03/16 14:04:58 Handling incoming request: light armour sneak dunmer is great from rogers
2016/03/16 14:05:23 r.Form map[channel_id:[C033JRHR4] timestamp:[1458137123.001118] text:[was he played by orlando bloom] user_id:[U033JS4PN] token:[g3ApozBQvypJRR1as62sYmvV] team_id:[T033JRHQ0] team_domain:[weeb] user_name:[pseudo] channel_name:[general] service_id:[26991846535]]
2016/03/16 14:05:23 Handling incoming request: was he played by orlando bloom from pseudo
2016/03/16 14:06:39 r.Form map[token:[g3ApozBQvypJRR1as62sYmvV] channel_name:[general] channel_id:[C033JRHR4] team_id:[T033JRHQ0] text:[nah he's too pretty to play a dunmer] service_id:[26991846535] user_name:[rogers] team_domain:[weeb] timestamp:[1458137198.001119] user_id:[U033K08B6]]
2016/03/16 14:06:39 Handling incoming request: nah he's too pretty to play a dunmer from rogers
2016/03/16 14:06:47 r.Form map[team_id:[T033JRHQ0] channel_name:[general] timestamp:[1458137207.001120] token:[g3ApozBQvypJRR1as62sYmvV] text:[racist] channel_id:[C033JRHR4] team_domain:[weeb] user_id:[U033JS4PN] service_id:[26991846535] user_name:[pseudo]]
2016/03/16 14:06:47 Handling incoming request: racist from pseudo
2016/03/16 14:07:01 r.Form map[channel_name:[general] service_id:[26991846535] channel_id:[C033JRHR4] team_id:[T033JRHQ0] user_name:[pseudo] text:[/gif community d&amp;d] token:[g3ApozBQvypJRR1as62sYmvV] user_id:[U033JS4PN] timestamp:[1458137220.001121] team_domain:[weeb]]
2016/03/16 14:07:01 Handling incoming request: /gif community d&d from pseudo
2016/03/16 14:07:01 r.Form map[channel_id:[C033JRHR4] bot_name:[] user_id:[USLACKBOT] service_id:[26991846535] timestamp:[1458137221.001122] token:[g3ApozBQvypJRR1as62sYmvV] channel_name:[general] text:[] team_id:[T033JRHQ0] team_domain:[weeb] user_name:[slackbot] bot_id:[B0J8EJS86]]
2016/03/16 14:07:13 r.Form map[service_id:[26991846535] user_name:[beranabus] team_domain:[weeb] channel_name:[general] user_id:[U033RH0S0] timestamp:[1458137232.001123] channel_id:[C033JRHR4] text:[Favourite episode] token:[g3ApozBQvypJRR1as62sYmvV] team_id:[T033JRHQ0]]
2016/03/16 14:07:13 Handling incoming request: Favourite episode from beranabus
2016/03/16 14:07:14 r.Form map[user_name:[rogers] service_id:[26991846535] channel_id:[C033JRHR4] team_id:[T033JRHQ0] token:[g3ApozBQvypJRR1as62sYmvV] user_id:[U033K08B6] text:[skyrim is for the nords pseudo] channel_name:[general] timestamp:[1458137234.001124] team_domain:[weeb]]
2016/03/16 14:07:14 Handling incoming request: skyrim is for the nords pseudo from rogers
2016/03/16 14:07:25 r.Form map[team_domain:[weeb] channel_name:[general] user_id:[U033RH0S0] team_id:[T033JRHQ0] token:[g3ApozBQvypJRR1as62sYmvV] text:[The way it should be] channel_id:[C033JRHR4] service_id:[26991846535] timestamp:[1458137244.001125] user_name:[beranabus]]
2016/03/16 14:07:25 Handling incoming request: The way it should be from beranabus
2016/03/16 14:07:25 r.Form map[team_domain:[weeb] service_id:[26991846535] user_id:[U033JS4PN] user_name:[pseudo] channel_id:[C033JRHR4] team_id:[T033JRHQ0] token:[g3ApozBQvypJRR1as62sYmvV] channel_name:[general] timestamp:[1458137245.001126] text:[<@U033K08B6>: i’ll hook u in the gabber m9]]
2016/03/16 14:07:25 Handling incoming request: : i’ll hook u in the gabber m9 from pseudo
2016/03/16 14:07:34 r.Form map[channel_name:[general] timestamp:[1458137254.001127] token:[g3ApozBQvypJRR1as62sYmvV] text:[i wonder how dingus feels about it] team_domain:[weeb] team_id:[T033JRHQ0] service_id:[26991846535] user_name:[pseudo] channel_id:[C033JRHR4] user_id:[U033JS4PN]]
2016/03/16 14:07:34 Handling incoming request: i wonder how dingus feels about it from pseudo
2016/03/16 14:07:53 r.Form map[team_domain:[weeb] timestamp:[1458137272.001128] token:[g3ApozBQvypJRR1as62sYmvV] user_name:[rogers] user_id:[U033K08B6] service_id:[26991846535] text:[dingus:] channel_id:[C033JRHR4] channel_name:[general] team_id:[T033JRHQ0]]
2016/03/16 14:07:53 Handling incoming request: dingus: from rogers
2016/03/16 14:08:05 r.Form map[channel_name:[general] text:[/gif dingus] service_id:[26991846535] timestamp:[1458137284.001129] token:[g3ApozBQvypJRR1as62sYmvV] channel_id:[C033JRHR4] user_id:[U035BH4DT] team_domain:[weeb] team_id:[T033JRHQ0] user_name:[vanilla]]
2016/03/16 14:08:05 Handling incoming request: /gif dingus from vanilla
2016/03/16 14:08:05 r.Form map[user_id:[USLACKBOT] text:[] team_id:[T033JRHQ0] channel_id:[C033JRHR4] bot_id:[B0J8EJS86] channel_name:[general] token:[g3ApozBQvypJRR1as62sYmvV] bot_name:[] user_name:[slackbot] team_domain:[weeb] timestamp:[1458137284.001130] service_id:[26991846535]]
2016/03/16 14:08:16 r.Form map[team_id:[T033JRHQ0] token:[g3ApozBQvypJRR1as62sYmvV] service_id:[26991846535] team_domain:[weeb] channel_name:[general] user_id:[U033RH0S0] text:[:smile:] timestamp:[1458137296.001131] user_name:[beranabus] channel_id:[C033JRHR4]]
2016/03/16 14:08:16 Handling incoming request: :smile: from beranabus
2016/03/16 14:08:23 r.Form map[token:[g3ApozBQvypJRR1as62sYmvV] team_id:[T033JRHQ0] user_name:[rogers] user_id:[U033K08B6] channel_name:[general] service_id:[26991846535] text:[i don't remember that episode of star trek] timestamp:[1458137302.001132] channel_id:[C033JRHR4] team_domain:[weeb]]
2016/03/16 14:08:23 Handling incoming request: i don't remember that episode of star trek from rogers
2016/03/16 14:08:35 r.Form map[channel_name:[general] team_domain:[weeb] user_name:[pseudo] channel_id:[C033JRHR4] token:[g3ApozBQvypJRR1as62sYmvV] service_id:[26991846535] team_id:[T033JRHQ0] text:[i tried to make his avatar :rogers: but it wouldn’t let me] timestamp:[1458137314.001133] user_id:[U033JS4PN]]
2016/03/16 14:08:35 Handling incoming request: i tried to make his avatar :rogers: but it wouldn’t let me from pseudo
2016/03/16 14:08:56 r.Form map[service_id:[26991846535] timestamp:[1458137336.001134] user_id:[U033K08B6] user_name:[rogers] token:[g3ApozBQvypJRR1as62sYmvV] channel_id:[C033JRHR4] channel_name:[general] team_domain:[weeb] team_id:[T033JRHQ0] text:[awh]]
2016/03/16 14:08:56 Handling incoming request: awh from rogers
2016/03/16 14:26:22 r.Form map[token:[g3ApozBQvypJRR1as62sYmvV] text:[<@U033JS4PN>: Is it me or is it very very warm?] channel_id:[C033JRHR4] user_name:[kotl] team_domain:[weeb] user_id:[U04KMPMM7] timestamp:[1458138381.001135] channel_name:[general] team_id:[T033JRHQ0] service_id:[26991846535]]
2016/03/16 14:26:22 Handling incoming request: : Is it me or is it very very warm? from kotl
2016/03/16 14:26:31 r.Form map[user_id:[U033JS4PN] channel_id:[C033JRHR4] team_id:[T033JRHQ0] service_id:[26991846535] user_name:[pseudo] channel_name:[general] team_domain:[weeb] timestamp:[1458138390.001136] text:[it’s disgusting] token:[g3ApozBQvypJRR1as62sYmvV]]
2016/03/16 14:26:31 Handling incoming request: it’s disgusting from pseudo
2016/03/16 14:26:39 r.Form map[token:[g3ApozBQvypJRR1as62sYmvV] team_id:[T033JRHQ0] channel_id:[C033JRHR4] text:[i can’t even wear my headphones and it’s giving me a headachr] user_name:[pseudo] user_id:[U033JS4PN] channel_name:[general] timestamp:[1458138399.001137] team_domain:[weeb] service_id:[26991846535]]
2016/03/16 14:26:39 Handling incoming request: i can’t even wear my headphones and it’s giving me a headachr from pseudo
2016/03/16 14:26:46 r.Form map[timestamp:[1458138405.001138] service_id:[26991846535] team_id:[T033JRHQ0] channel_name:[general] user_id:[U033JS4PN] user_name:[pseudo] text:[we’ve got a window open here and all] token:[g3ApozBQvypJRR1as62sYmvV] channel_id:[C033JRHR4] team_domain:[weeb]]
2016/03/16 14:26:46 Handling incoming request: we’ve got a window open here and all from pseudo
2016/03/16 14:29:37 r.Form map[timestamp:[1458138577.001139] text:[<@U033JS4PN>: According to Brendan is 25.2 atm] user_id:[U04KMPMM7] service_id:[26991846535] channel_name:[general] token:[g3ApozBQvypJRR1as62sYmvV] team_domain:[weeb] channel_id:[C033JRHR4] user_name:[kotl] team_id:[T033JRHQ0]]
2016/03/16 14:29:37 Handling incoming request: : According to Brendan is 25.2 atm from kotl
2016/03/16 14:30:22 r.Form map[user_id:[U0348B9F4] channel_name:[general] team_domain:[weeb] text:[why is your office so warm] channel_id:[C033JRHR4] timestamp:[1458138617.001140] token:[g3ApozBQvypJRR1as62sYmvV] user_name:[william] team_id:[T033JRHQ0] service_id:[26991846535]]
2016/03/16 14:30:22 Handling incoming request: why is your office so warm from william
2016/03/16 14:30:24 r.Form map[channel_id:[C033JRHR4] team_domain:[weeb] user_id:[U033RH0S0] user_name:[beranabus] team_id:[T033JRHQ0] text:[Yeah that is ridonc] service_id:[26991846535] token:[g3ApozBQvypJRR1as62sYmvV] timestamp:[1458138624.001141] channel_name:[general]]
2016/03/16 14:30:24 Handling incoming request: Yeah that is ridonc from beranabus
2016/03/16 14:30:26 r.Form map[team_id:[T033JRHQ0] text:[turn the heating down] token:[g3ApozBQvypJRR1as62sYmvV] user_id:[U0348B9F4] channel_id:[C033JRHR4] timestamp:[1458138626.001142] service_id:[26991846535] channel_name:[general] user_name:[william] team_domain:[weeb]]
2016/03/16 14:30:26 Handling incoming request: turn the heating down from william
2016/03/16 14:30:29 r.Form map[channel_name:[general] service_id:[26991846535] channel_id:[C033JRHR4] user_name:[william] user_id:[U0348B9F4] team_domain:[weeb] team_id:[T033JRHQ0] timestamp:[1458138617.001140] token:[g3ApozBQvypJRR1as62sYmvV] text:[why is your office so warm]]
2016/03/16 14:30:29 Handling incoming request: why is your office so warm from william
2016/03/16 14:30:44 r.Form map[user_name:[beranabus] channel_id:[C033JRHR4] service_id:[26991846535] team_domain:[weeb] text:[I stole a desk fan for myself] token:[g3ApozBQvypJRR1as62sYmvV] user_id:[U033RH0S0] channel_name:[general] timestamp:[1458138644.001143] team_id:[T033JRHQ0]]
2016/03/16 14:30:44 Handling incoming request: I stole a desk fan for myself from beranabus
2016/03/16 14:31:05 r.Form map[text:[I have a desk fan at home I need to bring in someday.] user_name:[kotl] user_id:[U04KMPMM7] team_domain:[weeb] channel_id:[C033JRHR4] service_id:[26991846535] timestamp:[1458138664.001144] channel_name:[general] token:[g3ApozBQvypJRR1as62sYmvV] team_id:[T033JRHQ0]]
2016/03/16 14:31:05 Handling incoming request: I have a desk fan at home I need to bring in someday. from kotl
2016/03/16 14:31:58 r.Form map[timestamp:[1458138717.001145] channel_id:[C033JRHR4] token:[g3ApozBQvypJRR1as62sYmvV] user_name:[beranabus] service_id:[26991846535] user_id:[U033RH0S0] team_id:[T033JRHQ0] team_domain:[weeb] text:[I got one for home and then I found out there was a child lock on the windows :smile:] channel_name:[general]]
2016/03/16 14:31:58 Handling incoming request: I got one for home and then I found out there was a child lock on the windows :smile: from beranabus
2016/03/16 14:32:46 r.Form map[timestamp:[1458138766.001146] channel_id:[C033JRHR4] team_id:[T033JRHQ0] channel_name:[general] team_domain:[weeb] user_name:[pseudo] token:[g3ApozBQvypJRR1as62sYmvV] user_id:[U033JS4PN] service_id:[26991846535] text:[we can’t turn the heating down unforch]]
2016/03/16 14:32:46 Handling incoming request: we can’t turn the heating down unforch from pseudo
2016/03/16 14:32:51 r.Form map[token:[g3ApozBQvypJRR1as62sYmvV] service_id:[26991846535] channel_id:[C033JRHR4] text:[it’s locked and also buggy afaik] team_id:[T033JRHQ0] team_domain:[weeb] user_name:[pseudo] timestamp:[1458138770.001147] channel_name:[general] user_id:[U033JS4PN]]
2016/03/16 14:32:51 Handling incoming request: it’s locked and also buggy afaik from pseudo
2016/03/16 14:33:02 r.Form map[channel_id:[C033JRHR4] timestamp:[1458138781.001148] channel_name:[general] token:[g3ApozBQvypJRR1as62sYmvV] team_domain:[weeb] user_name:[william] service_id:[26991846535] user_id:[U0348B9F4] team_id:[T033JRHQ0] text:[take turns fanning each other]]
2016/03/16 14:33:02 Handling incoming request: take turns fanning each other from william
2016/03/16 14:33:02 Sending response: : Is the whole time you spend more money to do it when i could never get dead arms when you’ve got a sense of tension
2016/03/16 14:33:08 r.Form map[team_domain:[weeb] channel_id:[C033JRHR4] team_id:[T033JRHQ0] timestamp:[1458138787.001149] token:[g3ApozBQvypJRR1as62sYmvV] bot_id:[B0SV5QWFR] bot_name:[] service_id:[26991846535] text:[: Is the whole time you spend more money to do it when i could never get dead arms when you’ve got a sense of tension] user_id:[USLACKBOT] user_name:[slackbot] channel_name:[general]]
2016/03/16 14:33:27 r.Form map[text:[yes] user_name:[beranabus] team_id:[T033JRHQ0] timestamp:[1458138806.001150] channel_id:[C033JRHR4] channel_name:[general] service_id:[26991846535] team_domain:[weeb] token:[g3ApozBQvypJRR1as62sYmvV] user_id:[U033RH0S0]]
2016/03/16 14:33:27 Handling incoming request: yes from beranabus
2016/03/16 14:33:27 Sending response: : seriously?
2016/03/16 14:33:33 r.Form map[bot_id:[B0SV5QWFR] channel_id:[C033JRHR4] channel_name:[general] text:[: seriously?] user_id:[USLACKBOT] service_id:[26991846535] token:[g3ApozBQvypJRR1as62sYmvV] user_name:[slackbot] bot_name:[] timestamp:[1458138812.001151] team_domain:[weeb] team_id:[T033JRHQ0]]
2016/03/16 14:33:37 r.Form map[timestamp:[1458138816.001152] token:[g3ApozBQvypJRR1as62sYmvV] text:[yes] user_id:[U033RH0S0] channel_name:[general] user_name:[beranabus] channel_id:[C033JRHR4] team_domain:[weeb] team_id:[T033JRHQ0] service_id:[26991846535]]
2016/03/16 14:33:37 Handling incoming request: yes from beranabus
2016/03/16 14:34:24 r.Form map[team_id:[T033JRHQ0] service_id:[26991846535] channel_name:[general] timestamp:[1458138863.001153] token:[g3ApozBQvypJRR1as62sYmvV] team_domain:[weeb] channel_id:[C033JRHR4] user_name:[rogers] text:[:smile:] user_id:[U033K08B6]]
2016/03/16 14:34:24 Handling incoming request: :smile: from rogers
2016/03/16 14:34:48 r.Form map[timestamp:[1458138887.001154] team_id:[T033JRHQ0] service_id:[26991846535] token:[g3ApozBQvypJRR1as62sYmvV] team_domain:[weeb] channel_name:[general] channel_id:[C033JRHR4] user_name:[beranabus] user_id:[U033RH0S0]]
2016/03/16 14:34:49 http: panic serving 54.165.241.61:25646: runtime error: index out of range
/usr/lib/go/src/pkg/net/http/server.go:576 (0x80c5d74)
	_func_003: buf.Write(debug.Stack())
/build/buildd-golang_1.0.2-1.1-i386-NDX_tA/golang-1.0.2/src/pkg/runtime/proc.c:1443 (0x8059315)
/build/buildd-golang_1.0.2-1.1-i386-NDX_tA/golang-1.0.2/src/pkg/runtime/runtime.c:128 (0x8059d59)
/build/buildd-golang_1.0.2-1.1-i386-NDX_tA/golang-1.0.2/src/pkg/runtime/runtime.c:85 (0x8059c0c)
/home/pseudo/bots/slack-markov/web.go:47 (0x804b336)
	_func_005: incomingText := txt[0]
/usr/lib/go/src/pkg/net/http/server.go:690 (0x80bacd8)
	HandlerFunc.ServeHTTP: f(w, r)
/usr/lib/go/src/pkg/net/http/server.go:926 (0x80bb911)
	(*ServeMux).ServeHTTP: mux.handler(r).ServeHTTP(w, r)
/usr/lib/go/src/pkg/net/http/server.go:656 (0x80bab24)
	(*conn).serve: handler.ServeHTTP(w, w.req)
/build/buildd-golang_1.0.2-1.1-i386-NDX_tA/golang-1.0.2/src/pkg/runtime/proc.c:271 (0x8057693)
2016/03/16 14:35:09 r.Form map[team_id:[T033JRHQ0] channel_id:[C033JRHR4] channel_name:[general] service_id:[26991846535] user_id:[U033RH0S0] user_name:[beranabus] token:[g3ApozBQvypJRR1as62sYmvV] timestamp:[1458138908.001155] team_domain:[weeb]]
2016/03/16 14:35:09 http: panic serving 54.174.114.150:59266: runtime error: index out of range
/usr/lib/go/src/pkg/net/http/server.go:576 (0x80c5d74)
	_func_003: buf.Write(debug.Stack())
/build/buildd-golang_1.0.2-1.1-i386-NDX_tA/golang-1.0.2/src/pkg/runtime/proc.c:1443 (0x8059315)
/build/buildd-golang_1.0.2-1.1-i386-NDX_tA/golang-1.0.2/src/pkg/runtime/runtime.c:128 (0x8059d59)
/build/buildd-golang_1.0.2-1.1-i386-NDX_tA/golang-1.0.2/src/pkg/runtime/runtime.c:85 (0x8059c0c)
/home/pseudo/bots/slack-markov/web.go:47 (0x804b336)
	_func_005: incomingText := txt[0]
/usr/lib/go/src/pkg/net/http/server.go:690 (0x80bacd8)
	HandlerFunc.ServeHTTP: f(w, r)
/usr/lib/go/src/pkg/net/http/server.go:926 (0x80bb911)
	(*ServeMux).ServeHTTP: mux.handler(r).ServeHTTP(w, r)
/usr/lib/go/src/pkg/net/http/server.go:656 (0x80bab24)
	(*conn).serve: handler.ServeHTTP(w, w.req)
/build/buildd-golang_1.0.2-1.1-i386-NDX_tA/golang-1.0.2/src/pkg/runtime/proc.c:271 (0x8057693)
2016/03/16 14:35:36 r.Form map[service_id:[26991846535] token:[g3ApozBQvypJRR1as62sYmvV] channel_id:[C033JRHR4] timestamp:[1458138936.001156] channel_name:[general] text:[Funnily enough it makes a huge difference] team_domain:[weeb] team_id:[T033JRHQ0] user_name:[beranabus] user_id:[U033RH0S0]]
2016/03/16 14:35:36 Handling incoming request: Funnily enough it makes a huge difference from beranabus
2016/03/16 14:36:03 r.Form map[user_id:[U04KMPMM7] team_id:[T033JRHQ0] user_name:[kotl] token:[g3ApozBQvypJRR1as62sYmvV] timestamp:[1458138963.001157] service_id:[26991846535] channel_id:[C033JRHR4] team_domain:[weeb] channel_name:[general] text:[Is there a huge drop?]]
2016/03/16 14:36:03 Handling incoming request: Is there a huge drop? from kotl
2016/03/16 14:36:12 r.Form map[channel_id:[C033JRHR4] token:[g3ApozBQvypJRR1as62sYmvV] user_id:[U033RH0S0] team_domain:[weeb] user_name:[beranabus] channel_name:[general] service_id:[26991846535] text:[3rd floor] team_id:[T033JRHQ0] timestamp:[1458138971.001158]]
2016/03/16 14:36:12 Handling incoming request: 3rd floor from beranabus
2016/03/16 14:36:22 r.Form map[channel_id:[C033JRHR4] token:[g3ApozBQvypJRR1as62sYmvV] timestamp:[1458138981.001159] service_id:[26991846535] team_id:[T033JRHQ0] channel_name:[general] user_name:[beranabus] text:[so ~30ft] user_id:[U033RH0S0] team_domain:[weeb]]
2016/03/16 14:36:22 Handling incoming request: so ~30ft from beranabus
2016/03/16 14:36:31 r.Form map[user_id:[U033RH0S0] team_id:[T033JRHQ0] token:[g3ApozBQvypJRR1as62sYmvV] channel_name:[general] channel_id:[C033JRHR4] user_name:[beranabus] team_domain:[weeb] timestamp:[1458138991.001160] service_id:[26991846535] text:[more probably]]
2016/03/16 14:36:31 Handling incoming request: more probably from beranabus
2016/03/16 14:41:57 r.Form map[text:[<@U033JS4PN>: So they have locked the temperature controls away from us?] team_domain:[weeb] channel_id:[C033JRHR4] channel_name:[general] user_id:[U04KMPMM7] team_id:[T033JRHQ0] token:[g3ApozBQvypJRR1as62sYmvV] service_id:[26991846535] user_name:[kotl] timestamp:[1458139317.001161]]
2016/03/16 14:41:57 Handling incoming request: : So they have locked the temperature controls away from us? from kotl
2016/03/16 14:41:57 Sending response: i know the price when you consider getting a house of the floor now
2016/03/16 14:42:03 r.Form map[channel_name:[general] user_id:[USLACKBOT] team_id:[T033JRHQ0] text:[i know the price when you consider getting a house of the floor now] channel_id:[C033JRHR4] timestamp:[1458139322.001162] bot_name:[] bot_id:[B0SV5QWFR] user_name:[slackbot] token:[g3ApozBQvypJRR1as62sYmvV] team_domain:[weeb] service_id:[26991846535]]
2016/03/16 14:43:04 r.Form map[channel_name:[general] team_id:[T033JRHQ0] user_name:[pseudo] team_domain:[weeb] text:[<@U04KMPMM7>: yeah i just mailed seamus to sort it out] timestamp:[1458139383.001163] channel_id:[C033JRHR4] token:[g3ApozBQvypJRR1as62sYmvV] service_id:[26991846535] user_id:[U033JS4PN]]
2016/03/16 14:43:04 Handling incoming request: : yeah i just mailed seamus to sort it out from pseudo
2016/03/16 14:43:04 Sending response: ha :smile:
2016/03/16 14:43:10 r.Form map[text:[ha :smile:] user_id:[USLACKBOT] bot_id:[B0SV5QWFR] user_name:[slackbot] channel_id:[C033JRHR4] team_domain:[weeb] bot_name:[] channel_name:[general] service_id:[26991846535] team_id:[T033JRHQ0] token:[g3ApozBQvypJRR1as62sYmvV] timestamp:[1458139389.001164]]
2016/03/16 14:43:14 r.Form map[text:[fuck u dingus] user_name:[pseudo] token:[g3ApozBQvypJRR1as62sYmvV] team_id:[T033JRHQ0] user_id:[U033JS4PN] channel_id:[C033JRHR4] channel_name:[general] team_domain:[weeb] service_id:[26991846535] timestamp:[1458139393.001165]]
2016/03/16 14:43:14 Handling incoming request: fuck u dingus from pseudo
2016/03/16 14:43:15 r.Form map[service_id:[26991846535] channel_id:[C033JRHR4] team_domain:[weeb] channel_name:[general] token:[g3ApozBQvypJRR1as62sYmvV] team_id:[T033JRHQ0] user_id:[U033JRHQ6] text:[:smile:] timestamp:[1458139394.001166] user_name:[ian]]
2016/03/16 14:43:15 Handling incoming request: :smile: from ian
2016/03/16 14:43:17 r.Form map[user_id:[U033JRHQ6] token:[g3ApozBQvypJRR1as62sYmvV] user_name:[ian] team_id:[T033JRHQ0] channel_id:[C033JRHR4] text:[:heart:] channel_name:[general] team_domain:[weeb] timestamp:[1458139397.001167] service_id:[26991846535]]
2016/03/16 14:43:17 Handling incoming request: :heart: from ian
2016/03/16 14:43:20 r.Form map[text:[i am your master] token:[g3ApozBQvypJRR1as62sYmvV] team_id:[T033JRHQ0] timestamp:[1458139399.001168] channel_id:[C033JRHR4] team_domain:[weeb] user_id:[U033JS4PN] channel_name:[general] user_name:[pseudo] service_id:[26991846535]]
2016/03/16 14:43:20 Handling incoming request: i am your master from pseudo
2016/03/16 14:43:31 r.Form map[team_id:[T033JRHQ0] channel_id:[C033JRHR4] text:[i think the seeding for the chance to respond must be time based] user_name:[pseudo] team_domain:[weeb] channel_name:[general] user_id:[U033JS4PN] timestamp:[1458139410.001169] service_id:[26991846535] token:[g3ApozBQvypJRR1as62sYmvV]]
2016/03/16 14:43:31 Handling incoming request: i think the seeding for the chance to respond must be time based from pseudo
2016/03/16 14:43:35 r.Form map[team_id:[T033JRHQ0] timestamp:[1458139415.001170] service_id:[26991846535] user_name:[pseudo] text:[cos he responds in bursts] team_domain:[weeb] channel_id:[C033JRHR4] token:[g3ApozBQvypJRR1as62sYmvV] channel_name:[general] user_id:[U033JS4PN]]
2016/03/16 14:43:35 Handling incoming request: cos he responds in bursts from pseudo
2016/03/16 14:50:17 Starting import from /home/pseudo/slack-dump
2016/03/16 14:50:17 Starting HTTP server on 8000
2016/03/16 14:50:34 Import complete. 232765 suffixes
2016/03/16 14:50:39 r.Form map[user_id:[U033JRHQ6] timestamp:[1458139839.001196] team_id:[T033JRHQ0] token:[g3ApozBQvypJRR1as62sYmvV] channel_id:[C033JRHR4] channel_name:[general] team_domain:[weeb] service_id:[26991846535] text:[rip] user_name:[ian]]
2016/03/16 14:50:39 Handling incoming request: rip from ian
2016/03/16 14:50:53 r.Form map[timestamp:[1458139852.001197] channel_name:[general] team_id:[T033JRHQ0] token:[g3ApozBQvypJRR1as62sYmvV] user_name:[ian] text:[maybe it generates a word it cant do?] channel_id:[C033JRHR4] team_domain:[weeb] user_id:[U033JRHQ6] service_id:[26991846535]]
2016/03/16 14:50:53 Handling incoming request: maybe it generates a word it cant do? from ian
2016/03/16 14:51:02 r.Form map[user_name:[ian] token:[g3ApozBQvypJRR1as62sYmvV] team_id:[T033JRHQ0] team_domain:[weeb] service_id:[26991846535] channel_id:[C033JRHR4] text:[like /] timestamp:[1458139862.001198] channel_name:[general] user_id:[U033JRHQ6]]
2016/03/16 14:51:02 Handling incoming request: like / from ian
2016/03/16 14:51:31 Starting import from /home/pseudo/slack-dump
2016/03/16 14:51:31 Starting HTTP server on 8000
2016/03/16 14:51:36 Import complete. 232765 suffixes
2016/03/16 14:51:52 Handling incoming request: like it doesn’t throw any errors from pseudo
2016/03/16 14:52:00 Handling incoming request: it has exception handling for that stuff from pseudo
2016/03/16 14:52:10 Handling incoming request: and i can see the last thing he sees from pseudo
2016/03/16 14:52:28 Handling incoming request: i’m wondering if you need to close http sessions or someshit after you parse the post from pseudo
2016/03/16 14:52:38 Handling incoming request: hmm from ian
2016/03/16 14:53:11 Handling incoming request: cos it does seem to happen based on input rather than over time from pseudo
2016/03/16 14:53:19 Handling incoming request: cos it was fine overnight til people woke up and started typing from pseudo
2016/03/16 14:53:27 Handling incoming request: there's no error messages? from ian
2016/03/16 14:53:51 Handling incoming request: nope from pseudo
2016/03/16 14:53:54 Handling incoming request: it just ends with from pseudo
2016/03/16 14:53:56 Handling incoming request: ‘Killed' from pseudo
2016/03/16 14:54:33 Handling incoming request: monitor resource usage as it is running from shenlok
2016/03/16 14:54:37 Handling incoming request: does it hit a ulimit or something from shenlok
2016/03/16 14:54:56 Handling incoming request: checking now from pseudo
2016/03/16 14:55:02 Handling incoming request:  from ian
2016/03/16 14:57:19 Handling incoming request: doesn’t sem to be increasing memory usage or anything from pseudo
2016/03/16 14:57:35 Handling incoming request: i’m still thinking it’s too many http sessions but idk from pseudo
2016/03/16 15:03:23 Handling incoming request:  from pseudo
2016/03/16 15:05:44 Starting import from /home/pseudo/slack-dump
2016/03/16 15:05:44 Starting HTTP server on 8000
2016/03/16 15:05:48 Import complete. 232765 suffixes
2016/03/16 15:05:57 Handling incoming request: intredasting article from pseudo
2016/03/16 15:06:01 Handling incoming request: Very from beranabus
2016/03/16 15:06:14 Handling incoming request: ok i think i fixed it, or at least alleviated the problem from pseudo
2016/03/16 15:06:16 Handling incoming request: we’ll see from pseudo
2016/03/16 15:06:26 Handling incoming request: woop from ian
2016/03/16 15:06:29 Handling incoming request: What does it look like the issue was? from beranabus
2016/03/16 15:06:39 Handling incoming request: go does keep-alive to htp requests by default from pseudo
2016/03/16 15:06:48 Handling incoming request: and i guess if you have shitloads (one per message) it dies from pseudo
2016/03/16 15:07:07 Handling incoming request: keepin an eye on the logs anyway from pseudo
2016/03/16 15:08:33 Handling incoming request:  from pseudo
2016/03/16 15:09:47 Handling incoming request: Sorrry if this has been linked already but have they mentioned any existing game support? from beranabus
2016/03/16 15:10:57 Starting import from /home/pseudo/slack-dump
2016/03/16 15:10:57 Starting HTTP server on 8000
2016/03/16 15:11:01 Import complete. 232765 suffixes
2016/03/16 15:11:01 Handling incoming request: I really want VR support for Civ. from kotl
2016/03/16 15:12:22 Handling incoming request: Get to punch Alexander in the face from vanilla
2016/03/16 15:12:29 Handling incoming request: i’m still not sure if i want it for existing games, cool bonus if so but i think the best experiences gonna be built for the tech from pseudo
2016/03/16 15:12:47 Handling incoming request: hope dingus replies soon so i can see if he still works with those changes from pseudo
2016/03/16 15:12:47 Sending response: huh the only joke i found out something about not getting much of a rocket league is dope
2016/03/16 15:12:51 Handling incoming request: too lazy to set up a proper test :stuck_out_tongue: from pseudo
2016/03/16 15:12:58 Handling incoming request: good man from pseudo
2016/03/16 15:13:07 Handling incoming request: you could probably just spam a lot from ian
2016/03/16 15:13:14 Handling incoming request: troof from pseudo
2016/03/16 15:13:25 Handling incoming request: kotl: that could be cool from ian
2016/03/16 15:13:38 Handling incoming request: move your units around with your hands n such from ian
2016/03/16 15:13:50 Handling incoming request: i reckon i’ll buy a psvr from pseudo
2016/03/16 15:13:57 Handling incoming request: october is ages away tho from pseudo
2016/03/16 15:14:16 Handling incoming request: yeah everything is p much the second half of the year anyway from ian
2016/03/16 15:14:25 Handling incoming request: plenty of time to Dcide from ian
2016/03/16 15:14:27 Handling incoming request: Indeed from beranabus
2016/03/16 15:15:23 Handling incoming request: yeah maybe the vive will end up amazing and popular by the end of the year from pseudo
2016/03/16 15:15:25 Handling incoming request: and then i’ll just get that from pseudo
2016/03/16 15:15:32 Handling incoming request: i really just want the ‘winning’ one from pseudo
2016/03/16 15:15:38 Handling incoming request: that has de most games from pseudo
2016/03/16 15:17:06 Handling incoming request: I really just want there to be A winning one from beranabus
2016/03/16 15:17:43 Handling incoming request: Like either way the PSVR will just be for the PS and then there will probably be one that most PC users have. from kotl
2016/03/16 15:17:51 Handling incoming request:  from ian
2016/03/16 15:18:05 Handling incoming request: no reason why the psvr couldn’t have pc drivers from pseudo
2016/03/16 15:18:13 Handling incoming request: if sony want to go that route from pseudo
2016/03/16 15:19:12 Handling incoming request: Come on Star Citizen VR support from beranabus
2016/03/16 15:20:51 Handling incoming request: that’s already a thing afaik from pseudo
2016/03/16 15:20:53 Handling incoming request: for oculus from pseudo
2016/03/16 15:27:49 Handling incoming request: so I was looking at the odds for the presidential election from ian
2016/03/16 15:27:59 Handling incoming request: and paddy power have this other thing from ian
2016/03/16 15:28:00 Handling incoming request:  from ian
2016/03/16 15:28:29 Handling incoming request: Hillary Clinton 2/5
Donald Trump 5/2
John Kasich 20/1
Bernie Sanders 20/1
Ted Cruz 25/1
Joe Biden 50/1
Mitt Romney 100/1
Paul Ryan 100/1
if anyone was interested from ian
2016/03/16 15:30:24 Handling incoming request: Come one Trump from beranabus
2016/03/16 15:30:31 Handling incoming request: Make America great again! from beranabus
2016/03/16 15:45:26 Handling incoming request: yay long weekend starts soon from pseudo
2016/03/16 15:50:58 Handling incoming request:  from pseudo
2016/03/16 15:53:43 Handling incoming request: An ice cold pint would go down quite nice right now. from kotl
2016/03/16 15:53:43 Sending response: like i did that and instead got some graffiti outside it sayin' "yuppies in glass cages"
2016/03/16 15:57:48 Handling incoming request: heh that was me from ian
2016/03/16 15:58:34 Handling incoming request: does fi not have the dot on the i for anyone else? from ian
2016/03/16 16:02:47 Handling incoming request: Yes from kotl
2016/03/16 16:03:56 Handling incoming request: it has been annoying me for a while from ian
2016/03/16 16:03:56 Sending response: lunch time \o/
2016/03/16 16:04:07 Handling incoming request: if only from ian
2016/03/16 16:04:26 Handling incoming request: i bought some sausages and rolls for later :thumbsup: from ian
2016/03/16 16:19:15 Handling incoming request: oh cool. hopefully they do like a "come test it" tour thingy from william
2016/03/16 16:25:04 Handling incoming request: dingus help from bend
2016/03/16 16:25:13 Handling incoming request: fu from bend
2016/03/16 16:26:21 Handling incoming request: lel from ian
2016/03/16 16:31:11 Handling incoming request: Why does it create one character for 'f','i'? from beranabus
2016/03/16 16:32:44 Handling incoming request:  from shenlok
2016/03/16 16:32:44 Sending response: listening to my head now of you 5 seconds to solve this problem has existed for almost 9 months here in D1
2016/03/16 16:33:01 Handling incoming request: gj dingus from shenlok
2016/03/16 16:40:02 Handling incoming request:  from beranabus
2016/03/16 16:40:02 Sending response: i think i'm going to be as big as adding a hero to dota?
2016/03/16 16:40:37 Handling incoming request: How is that a question Dingus from beranabus
2016/03/16 16:42:50 Handling incoming request: man, fifa is always getting dodge news about it from ian
2016/03/16 16:43:03 Handling incoming request: maybe if it wasn't corrupt as fuck from beranabus
2016/03/16 16:43:22 Handling incoming request: RIP soccerball from bend
2016/03/16 16:43:37 Handling incoming request: you all should be watching the out of season hurling anyway from bend
2016/03/16 16:43:37 Sending response: the fact literally the worst policy
2016/03/16 16:44:49 Handling incoming request: dingus :heart: from bend
2016/03/16 16:55:29 Handling incoming request: good fella isn’t he from pseudo
2016/03/16 17:19:58 Handling incoming request:  from pseudo
2016/03/16 17:24:29 Handling incoming request: keep talking would be p fun with the headset from ian
2016/03/16 17:24:36 Handling incoming request: probably easier to use from ian
2016/03/16 17:25:22 Handling incoming request: indeeed from pseudo
2016/03/16 17:27:00 Handling incoming request: i'm still not sold on the head tilt to move from ian
2016/03/16 17:27:05 Handling incoming request: i want to try it out from ian
2016/03/16 17:27:16 Handling incoming request: people have said it totally makes sense once you do it from pseudo
2016/03/16 17:28:21 Handling incoming request: is that how psvr will work too? from ian
2016/03/16 17:33:44 Handling incoming request: Keep talking is sooooo good from beranabus
2016/03/16 20:28:05 Starting import from /home/pseudo/slack-dump
2016/03/16 20:28:05 Starting HTTP server on 8000
2016/03/16 20:28:28 Import complete. 232765 suffixes
2016/03/16 20:30:01 Starting import from /home/pseudo/slack-dump/
2016/03/16 20:30:01 Starting HTTP server on 8000
2016/03/16 20:30:17 Handling incoming request: gonna sleep so much from pseudo
2016/03/16 20:30:25 Import complete. 232765 suffixes
